0 info it worked if it ends with ok
1 verbose cli [
1 verbose cli   '/Users/tommygraham/.nvm/versions/node/v22.14.0/bin/node',
1 verbose cli   '/Users/tommygraham/Local Sites/responsive-html-email-signature/node_modules/.bin/npm',
1 verbose cli   'run',
1 verbose cli   'test'
1 verbose cli ]
2 info using npm@3.10.10
3 info using node@v22.14.0
4 verbose run-script [ 'pretest', 'test', 'posttest' ]
5 info lifecycle responsive-html-email-signature@6.2.0~pretest: responsive-html-email-signature@6.2.0
6 silly lifecycle responsive-html-email-signature@6.2.0~pretest: no script for pretest, continuing
7 info lifecycle responsive-html-email-signature@6.2.0~test: responsive-html-email-signature@6.2.0
8 verbose lifecycle responsive-html-email-signature@6.2.0~test: unsafe-perm in lifecycle true
9 verbose lifecycle responsive-html-email-signature@6.2.0~test: PATH: /Users/tommygraham/Local Sites/responsive-html-email-signature/node_modules/npm/bin/node-gyp-bin:/Users/tommygraham/Local Sites/responsive-html-email-signature/node_modules/.bin:/Users/tommygraham/Local Sites/responsive-html-email-signature/node_modules/.bin:/Users/tommygraham/Local Sites/node_modules/.bin:/Users/tommygraham/node_modules/.bin:/Users/node_modules/.bin:/node_modules/.bin:/Users/tommygraham/.nvm/versions/node/v22.14.0/lib/node_modules/npm/node_modules/@npmcli/run-script/lib/node-gyp-bin:/Users/tommygraham/.nvm/versions/node/v22.14.0/bin:/opt/homebrew/bin:/usr/local/bin:/System/Cryptexes/App/usr/bin:/usr/bin:/bin:/usr/sbin:/sbin
10 verbose lifecycle responsive-html-email-signature@6.2.0~test: CWD: /Users/tommygraham/Local Sites/responsive-html-email-signature
11 silly lifecycle responsive-html-email-signature@6.2.0~test: Args: [ '-c', 'npm run once && npm run _test' ]
12 silly lifecycle responsive-html-email-signature@6.2.0~test: Returned: code: 134  signal: null
13 info lifecycle responsive-html-email-signature@6.2.0~test: Failed to exec test script
14 verbose stack Error: responsive-html-email-signature@6.2.0 test: `npm run once && npm run _test`
14 verbose stack Exit status 134
14 verbose stack     at EventEmitter.<anonymous> (/Users/tommygraham/Local Sites/responsive-html-email-signature/node_modules/npm/lib/utils/lifecycle.js:255:16)
14 verbose stack     at EventEmitter.emit (node:events:518:28)
14 verbose stack     at ChildProcess.<anonymous> (/Users/tommygraham/Local Sites/responsive-html-email-signature/node_modules/npm/lib/utils/spawn.js:40:14)
14 verbose stack     at ChildProcess.emit (node:events:518:28)
14 verbose stack     at maybeClose (node:internal/child_process:1101:16)
14 verbose stack     at ChildProcess._handle.onexit (node:internal/child_process:304:5)
15 verbose pkgid responsive-html-email-signature@6.2.0
16 verbose cwd /Users/tommygraham/Local Sites/responsive-html-email-signature
17 error Darwin 23.5.0
18 error argv "/Users/tommygraham/.nvm/versions/node/v22.14.0/bin/node" "/Users/tommygraham/Local Sites/responsive-html-email-signature/node_modules/.bin/npm" "run" "test"
19 error node v22.14.0
20 error npm  v3.10.10
21 error code ELIFECYCLE
22 error responsive-html-email-signature@6.2.0 test: `npm run once && npm run _test`
22 error Exit status 134
23 error Failed at the responsive-html-email-signature@6.2.0 test script 'npm run once && npm run _test'.
23 error Make sure you have the latest version of node.js and npm installed.
23 error If you do, this is most likely a problem with the responsive-html-email-signature package,
23 error not with npm itself.
23 error Tell the author that this fails on your system:
23 error     npm run once && npm run _test
23 error You can get information on how to open an issue for this project with:
23 error     npm bugs responsive-html-email-signature
23 error Or if that isn't available, you can get their info via:
23 error     npm owner ls responsive-html-email-signature
23 error There is likely additional logging output above.
24 verbose exit [ 1, true ]
